<?xml version="1.0" encoding="UTF-8"?>
<!-- Generated by org.testng.reporters.JUnitXMLReporter -->
<testsuite ignored="3" hostname="Mark-David.local" failures="0" tests="1" name="Personal Loan" time="0.042" errors="0" timestamp="2025-06-17T00:40:35 PST">
  <testcase classname="TestNG.Day1" name="demo" time="0.006"/>
  <testcase classname="TestNG.Day2" name="beta1" time="0.0">
    <ignored/>
  </testcase> <!-- beta1 -->
  <testcase classname="TestNG.Day1" name="secondTest" time="0.0">
    <ignored/>
  </testcase> <!-- secondTest -->
  <testcase classname="TestNG.Day2" name="beta2" time="0.0">
    <ignored/>
  </testcase> <!-- beta2 -->
</testsuite> <!-- Personal Loan -->
